<?xml version="1.0" encoding="utf-8"?>
<testsuite errors="0" failures="0" name="apps.server_composition.service.tests.test_export_document_result" tests="2" time="0.000889778137207"><testcase classname="apps.server_composition.service.tests.test_export_document_result.ExportDocumentResultTestCase" name="test_create_resource_and_update_resources_pdfpages" time="0.000342845916748"></testcase><testcase classname="apps.server_composition.service.tests.test_export_document_result.ExportDocumentResultTestCase" name="test_create_resource_and_update_resources_pdf" time="0.000546932220459"></testcase></testsuite>
