<?xml version="1.0" encoding="utf-8"?>
<testsuite errors="0" failures="0" name="documents.tests.document_validation.schema.test_schema_validation_result" tests="10" time="0.0611310005188"><testcase classname="documents.tests.document_validation.schema.test_schema_validation_result.ValidateEntityTestCase" name="test_validate_entity_creates_a_title" time="0.00687885284424"></testcase><testcase classname="documents.tests.document_validation.schema.test_schema_validation_result.ValidateEntityTestCase" name="test_validate_entity_has_empty_title" time="0.0071280002594"></testcase><testcase classname="documents.tests.document_validation.schema.test_schema_validation_result.ValidateEntityTestCase" name="test_validate_entity_records_exception" time="0.00561118125916"></testcase><testcase classname="documents.tests.document_validation.schema.test_schema_validation_result.ValidateEntityTestCase" name="test_validate_entity_records_error" time="0.00704908370972"></testcase><testcase classname="documents.tests.document_validation.schema.test_schema_validation_result.SchemaValidationResultTestCase" name="test_get_unfinished_None_finished" time="0.000545978546143"></testcase><testcase classname="documents.tests.document_validation.schema.test_schema_validation_result.SchemaValidationResultTestCase" name="test_get_unfinished_some_finished" time="0.000384092330933"></testcase><testcase classname="documents.tests.document_validation.schema.test_schema_validation_result.SchemaValidationResultTestCase" name="test_get_unfinished_all_finished" time="0.00036883354187"></testcase><testcase classname="documents.tests.document_validation.schema.test_schema_validation_result.DocSchemaValidationResultTestCase" name="test_validate_doc_schema_creates_doc_svr_with_title" time="0.0106770992279"></testcase><testcase classname="documents.tests.document_validation.schema.test_schema_validation_result.DocSchemaValidationResultTestCase" name="test_validate_doc_returns_job_id" time="0.0123629570007"></testcase><testcase classname="documents.tests.document_validation.schema.test_schema_validation_result.DocSchemaValidationResultTestCase" name="test_validate_doc_schema_creates_doc_svr" time="0.0101249217987"></testcase></testsuite>
